Determining if the pthread_create exist failed with the following output:
Change Dir: /home/kunal/MIT_REALM/Research/fault_tol_control/build/CMakeFiles/CMakeTmp

Run Build Command:"/usr/bin/make" "cmTC_47240/fast"
/usr/bin/make -f CMakeFiles/cmTC_47240.dir/build.make CMakeFiles/cmTC_47240.dir/build
make[1]: Entering directory '/home/kunal/MIT_REALM/Research/fault_tol_control/build/CMakeFiles/CMakeTmp'
Building C object CMakeFiles/cmTC_47240.dir/CheckSymbolExists.c.o
/usr/bin/cc    -o CMakeFiles/cmTC_47240.dir/CheckSymbolExists.c.o   -c /home/kunal/MIT_REALM/Research/fault_tol_control/build/CMakeFiles/CMakeTmp/CheckSymbolExists.c
Linking C executable cmTC_47240
/usr/bin/cmake -E cmake_link_script CMakeFiles/cmTC_47240.dir/link.txt --verbose=1
/usr/bin/cc      -rdynamic CMakeFiles/cmTC_47240.dir/CheckSymbolExists.c.o  -o cmTC_47240 
CMakeFiles/cmTC_47240.dir/CheckSymbolExists.c.o: In function `main':
CheckSymbolExists.c:(.text+0x1b): undefined reference to `pthread_create'
collect2: error: ld returned 1 exit status
CMakeFiles/cmTC_47240.dir/build.make:97: recipe for target 'cmTC_47240' failed
make[1]: *** [cmTC_47240] Error 1
make[1]: Leaving directory '/home/kunal/MIT_REALM/Research/fault_tol_control/build/CMakeFiles/CMakeTmp'
Makefile:126: recipe for target 'cmTC_47240/fast' failed
make: *** [cmTC_47240/fast] Error 2

File /home/kunal/MIT_REALM/Research/fault_tol_control/build/CMakeFiles/CMakeTmp/CheckSymbolExists.c:
/* */
#include <pthread.h>

int main(int argc, char** argv)
{
  (void)argv;
#ifndef pthread_create
  return ((int*)(&pthread_create))[argc];
#else
  (void)argc;
  return 0;
#endif
}

Determining if the function pthread_create exists in the pthreads failed with the following output:
Change Dir: /home/kunal/MIT_REALM/Research/fault_tol_control/build/CMakeFiles/CMakeTmp

Run Build Command:"/usr/bin/make" "cmTC_444e8/fast"
/usr/bin/make -f CMakeFiles/cmTC_444e8.dir/build.make CMakeFiles/cmTC_444e8.dir/build
make[1]: Entering directory '/home/kunal/MIT_REALM/Research/fault_tol_control/build/CMakeFiles/CMakeTmp'
Building C object CMakeFiles/cmTC_444e8.dir/CheckFunctionExists.c.o
/usr/bin/cc   -DCHECK_FUNCTION_EXISTS=pthread_create   -o CMakeFiles/cmTC_444e8.dir/CheckFunctionExists.c.o   -c /usr/share/cmake-3.10/Modules/CheckFunctionExists.c
Linking C executable cmTC_444e8
/usr/bin/cmake -E cmake_link_script CMakeFiles/cmTC_444e8.dir/link.txt --verbose=1
/usr/bin/cc  -DCHECK_FUNCTION_EXISTS=pthread_create    -rdynamic CMakeFiles/cmTC_444e8.dir/CheckFunctionExists.c.o  -o cmTC_444e8 -lpthreads 
/usr/bin/ld: cannot find -lpthreads
collect2: error: ld returned 1 exit status
CMakeFiles/cmTC_444e8.dir/build.make:97: recipe for target 'cmTC_444e8' failed
make[1]: *** [cmTC_444e8] Error 1
make[1]: Leaving directory '/home/kunal/MIT_REALM/Research/fault_tol_control/build/CMakeFiles/CMakeTmp'
Makefile:126: recipe for target 'cmTC_444e8/fast' failed
make: *** [cmTC_444e8/fast] Error 2


